Namespace(data_path='CIFAR10/', train_batch_size=128, test_batch_size=100, epochs=1, optimizer='sgd', learning_rate=0.1, momentum=0.9, weight_decay=0.0005, save=False, print_summary=True, no_training=True)

Running on  CUDA 

Files already downloaded and verified
Files already downloaded and verified


Printing Model Summary...

ResNet(
  (conv1): Conv2d(3, 64, kernel_size=(3, 3), stride=(1, 1), padding=(1, 1), bias=False)
  (bn1): BatchNorm2d(64, eps=1e-05, momentum=0.1, affine=True, track_running_stats=True)
  (layer1): Sequential(
    (0): BasicBlock(
      (conv1): Conv2d(64, 64, kernel_size=(3, 3), stride=(1, 1), padding=(1, 1), bias=False)
      (bn1): BatchNorm2d(64, eps=1e-05, momentum=0.1, affine=True, track_running_stats=True)
      (conv2): Conv2d(64, 64, kernel_size=(3, 3), stride=(1, 1), padding=(1, 1), bias=False)
      (bn2): BatchNorm2d(64, eps=1e-05, momentum=0.1, affine=True, track_running_stats=True)
      (shortcut): Sequential()
    )
  )
  (layer2): Sequential(
    (0): BasicBlock(
      (conv1): Conv2d(64, 128, kernel_size=(3, 3), stride=(2, 2), padding=(1, 1), bias=False)
      (bn1): BatchNorm2d(128, eps=1e-05, momentum=0.1, affine=True, track_running_stats=True)
      (conv2): Conv2d(128, 128, kernel_size=(3, 3), stride=(1, 1), padding=(1, 1), bias=False)
      (bn2): BatchNorm2d(128, eps=1e-05, momentum=0.1, affine=True, track_running_stats=True)
      (shortcut): Sequential(
        (0): Conv2d(64, 128, kernel_size=(1, 1), stride=(2, 2), bias=False)
        (1): BatchNorm2d(128, eps=1e-05, momentum=0.1, affine=True, track_running_stats=True)
      )
    )
  )
  (layer3): Sequential(
    (0): BasicBlock(
      (conv1): Conv2d(128, 256, kernel_size=(3, 3), stride=(2, 2), padding=(1, 1), bias=False)
      (bn1): BatchNorm2d(256, eps=1e-05, momentum=0.1, affine=True, track_running_stats=True)
      (conv2): Conv2d(256, 256, kernel_size=(3, 3), stride=(1, 1), padding=(1, 1), bias=False)
      (bn2): BatchNorm2d(256, eps=1e-05, momentum=0.1, affine=True, track_running_stats=True)
      (shortcut): Sequential(
        (0): Conv2d(128, 256, kernel_size=(1, 1), stride=(2, 2), bias=False)
        (1): BatchNorm2d(256, eps=1e-05, momentum=0.1, affine=True, track_running_stats=True)
      )
    )
  )
  (layer4): Sequential(
    (0): BasicBlock(
      (conv1): Conv2d(256, 512, kernel_size=(3, 3), stride=(2, 2), padding=(1, 1), bias=False)
      (bn1): BatchNorm2d(512, eps=1e-05, momentum=0.1, affine=True, track_running_stats=True)
      (conv2): Conv2d(512, 512, kernel_size=(3, 3), stride=(1, 1), padding=(1, 1), bias=False)
      (bn2): BatchNorm2d(512, eps=1e-05, momentum=0.1, affine=True, track_running_stats=True)
      (shortcut): Sequential(
        (0): Conv2d(256, 512, kernel_size=(1, 1), stride=(2, 2), bias=False)
        (1): BatchNorm2d(512, eps=1e-05, momentum=0.1, affine=True, track_running_stats=True)
      )
    )
  )
  (linear): Linear(in_features=512, out_features=10, bias=True)
)
----------------------------------------------------------------
        Layer (type)               Output Shape         Param #
================================================================
            Conv2d-1           [-1, 64, 32, 32]           1,728
       BatchNorm2d-2           [-1, 64, 32, 32]             128
            Conv2d-3           [-1, 64, 32, 32]          36,864
       BatchNorm2d-4           [-1, 64, 32, 32]             128
            Conv2d-5           [-1, 64, 32, 32]          36,864
       BatchNorm2d-6           [-1, 64, 32, 32]             128
        BasicBlock-7           [-1, 64, 32, 32]               0
            Conv2d-8          [-1, 128, 16, 16]          73,728
       BatchNorm2d-9          [-1, 128, 16, 16]             256
           Conv2d-10          [-1, 128, 16, 16]         147,456
      BatchNorm2d-11          [-1, 128, 16, 16]             256
           Conv2d-12          [-1, 128, 16, 16]           8,192
      BatchNorm2d-13          [-1, 128, 16, 16]             256
       BasicBlock-14          [-1, 128, 16, 16]               0
           Conv2d-15            [-1, 256, 8, 8]         294,912
      BatchNorm2d-16            [-1, 256, 8, 8]             512
           Conv2d-17            [-1, 256, 8, 8]         589,824
      BatchNorm2d-18            [-1, 256, 8, 8]             512
           Conv2d-19            [-1, 256, 8, 8]          32,768
      BatchNorm2d-20            [-1, 256, 8, 8]             512
       BasicBlock-21            [-1, 256, 8, 8]               0
           Conv2d-22            [-1, 512, 4, 4]       1,179,648
      BatchNorm2d-23            [-1, 512, 4, 4]           1,024
           Conv2d-24            [-1, 512, 4, 4]       2,359,296
      BatchNorm2d-25            [-1, 512, 4, 4]           1,024
           Conv2d-26            [-1, 512, 4, 4]         131,072
      BatchNorm2d-27            [-1, 512, 4, 4]           1,024
       BasicBlock-28            [-1, 512, 4, 4]               0
           Linear-29                   [-1, 10]           5,130
================================================================
Total params: 4,903,242
Trainable params: 4,903,242
Non-trainable params: 0
----------------------------------------------------------------
Input size (MB): 0.01
Forward/backward pass size (MB): 6.56
Params size (MB): 18.70
Estimated Total Size (MB): 25.28
----------------------------------------------------------------

